{"meta": {"format": 3, "version": "7.11.0", "timestamp": "2025-10-22T20:06:00.089205", "branch_coverage": false, "show_contexts": false}, "files": {"src/tools/__init__.py": {"executed_lines": [1, 3, 9, 15, 25, 31], "summary": {"covered_lines": 5, "num_statements": 5, "percent_covered": 100.0, "percent_covered_display": "100", "missing_lines": 0, "excluded_lines": 0}, "missing_lines": [], "excluded_lines": [], "functions": {"": {"executed_lines": [1, 3, 9, 15, 25, 31], "summary": {"covered_lines": 5, "num_statements": 5, "percent_covered": 100.0, "percent_covered_display": "100", "missing_lines": 0, "excluded_lines": 0}, "missing_lines": [], "excluded_lines": []}}, "classes": {"": {"executed_lines": [1, 3, 9, 15, 25, 31], "summary": {"covered_lines": 5, "num_statements": 5, "percent_covered": 100.0, "percent_covered_display": "100", "missing_lines": 0, "excluded_lines": 0}, "missing_lines": [], "excluded_lines": []}}}, "src/tools/backlinks.py": {"executed_lines": [1, 10, 11, 12, 14, 15, 18, 48, 51, 54, 56, 58, 60, 63, 66, 69, 70, 73, 74, 75, 77, 79, 81, 82, 85, 88, 89, 100, 103, 132, 134, 136, 138, 139, 142, 143, 148, 151, 153, 155, 157, 158, 161, 162, 165, 166, 167, 169, 171, 173, 174, 177, 178, 189], "summary": {"covered_lines": 53, "num_statements": 62, "percent_covered": 85.48387096774194, "percent_covered_display": "85", "missing_lines": 9, "excluded_lines": 0}, "missing_lines": [61, 96, 98, 144, 145, 147, 159, 185, 187], "excluded_lines": [], "functions": {"find_backlinks": {"executed_lines": [48, 51, 54, 56, 58, 60, 63, 66, 69, 70, 73, 74, 75, 77, 79, 81, 82, 85, 88, 89, 100], "summary": {"covered_lines": 21, "num_statements": 24, "percent_covered": 87.5, "percent_covered_display": "88", "missing_lines": 3, "excluded_lines": 0}, "missing_lines": [61, 96, 98], "excluded_lines": []}, "find_broken_links": {"executed_lines": [132, 134, 136, 138, 139, 142, 143, 148, 151, 153, 155, 157, 158, 161, 162, 165, 166, 167, 169, 171, 173, 174, 177, 178, 189], "summary": {"covered_lines": 25, "num_statements": 31, "percent_covered": 80.64516129032258, "percent_covered_display": "81", "missing_lines": 6, "excluded_lines": 0}, "missing_lines": [144, 145, 147, 159, 185, 187], "excluded_lines": []}, "": {"executed_lines": [1, 10, 11, 12, 14, 15, 18, 103], "summary": {"covered_lines": 7, "num_statements": 7, "percent_covered": 100.0, "percent_covered_display": "100", "missing_lines": 0, "excluded_lines": 0}, "missing_lines": [], "excluded_lines": []}}, "classes": {"": {"executed_lines": [1, 10, 11, 12, 14, 15, 18, 48, 51, 54, 56, 58, 60, 63, 66, 69, 70, 73, 74, 75, 77, 79, 81, 82, 85, 88, 89, 100, 103, 132, 134, 136, 138, 139, 142, 143, 148, 151, 153, 155, 157, 158, 161, 162, 165, 166, 167, 169, 171, 173, 174, 177, 178, 189], "summary": {"covered_lines": 53, "num_statements": 62, "percent_covered": 85.48387096774194, "percent_covered_display": "85", "missing_lines": 9, "excluded_lines": 0}, "missing_lines": [61, 96, 98, 144, 145, 147, 159, 185, 187], "excluded_lines": []}}}, "src/tools/link_management.py": {"executed_lines": [1, 3, 4, 5, 6, 7, 8, 12, 13, 16, 75, 101, 270, 347], "summary": {"covered_lines": 13, "num_statements": 179, "percent_covered": 7.262569832402234, "percent_covered_display": "7", "missing_lines": 166, "excluded_lines": 0}, "missing_lines": [28, 31, 32, 33, 34, 37, 40, 41, 43, 49, 50, 52, 55, 56, 57, 60, 62, 64, 66, 72, 87, 88, 90, 93, 94, 95, 96, 98, 138, 139, 140, 142, 143, 145, 148, 149, 150, 151, 152, 153, 156, 158, 160, 161, 162, 164, 166, 168, 169, 170, 171, 173, 176, 179, 182, 185, 186, 190, 191, 192, 194, 195, 196, 197, 199, 200, 202, 203, 205, 207, 209, 210, 211, 212, 215, 216, 219, 220, 222, 223, 224, 226, 232, 233, 235, 237, 238, 241, 242, 244, 245, 251, 252, 254, 256, 258, 260, 261, 263, 306, 307, 308, 310, 311, 313, 316, 317, 318, 319, 320, 321, 323, 326, 329, 330, 331, 332, 333, 334, 335, 337, 338, 340, 381, 382, 383, 385, 388, 390, 392, 393, 394, 396, 398, 400, 401, 402, 403, 405, 408, 411, 412, 415, 416, 418, 419, 420, 421, 424, 427, 428, 429, 430, 432, 439, 440, 441, 443, 450, 451, 453, 455, 457, 458, 461, 463], "excluded_lines": [], "functions": {"extract_links_from_content": {"executed_lines": [], "summary": {"covered_lines": 0, "num_statements": 20, "percent_covered": 0.0, "percent_covered_display": "0", "missing_lines": 20, "excluded_lines": 0}, "missing_lines": [28, 31, 32, 33, 34, 37, 40, 41, 43, 49, 50, 52, 55, 56, 57, 60, 62, 64, 66, 72], "excluded_lines": []}, "get_link_context": {"executed_lines": [], "summary": {"covered_lines": 0, "num_statements": 8, "percent_covered": 0.0, "percent_covered_display": "0", "missing_lines": 8, "excluded_lines": 0}, "missing_lines": [87, 88, 90, 93, 94, 95, 96, 98], "excluded_lines": []}, "get_backlinks": {"executed_lines": [], "summary": {"covered_lines": 0, "num_statements": 61, "percent_covered": 0.0, "percent_covered_display": "0", "missing_lines": 61, "excluded_lines": 0}, "missing_lines": [138, 139, 140, 142, 143, 145, 148, 149, 150, 151, 152, 153, 156, 158, 176, 179, 182, 185, 186, 190, 191, 192, 194, 195, 196, 197, 199, 200, 202, 203, 205, 207, 209, 210, 211, 212, 215, 216, 219, 220, 222, 223, 224, 226, 232, 233, 235, 237, 238, 241, 242, 244, 245, 251, 252, 254, 256, 258, 260, 261, 263], "excluded_lines": []}, "get_backlinks.collect_notes_from_directory": {"executed_lines": [], "summary": {"covered_lines": 0, "num_statements": 10, "percent_covered": 0.0, "percent_covered_display": "0", "missing_lines": 10, "excluded_lines": 0}, "missing_lines": [160, 161, 162, 164, 166, 168, 169, 170, 171, 173], "excluded_lines": []}, "get_outgoing_links": {"executed_lines": [], "summary": {"covered_lines": 0, "num_statements": 24, "percent_covered": 0.0, "percent_covered_display": "0", "missing_lines": 24, "excluded_lines": 0}, "missing_lines": [306, 307, 308, 310, 311, 313, 316, 317, 318, 319, 320, 321, 323, 326, 329, 330, 331, 332, 333, 334, 335, 337, 338, 340], "excluded_lines": []}, "find_broken_links": {"executed_lines": [], "summary": {"covered_lines": 0, "num_statements": 33, "percent_covered": 0.0, "percent_covered_display": "0", "missing_lines": 33, "excluded_lines": 0}, "missing_lines": [381, 382, 383, 385, 388, 390, 408, 411, 412, 415, 416, 418, 419, 420, 421, 424, 427, 428, 429, 430, 432, 439, 440, 441, 443, 450, 451, 453, 455, 457, 458, 461, 463], "excluded_lines": []}, "find_broken_links.collect_notes_from_directory": {"executed_lines": [], "summary": {"covered_lines": 0, "num_statements": 10, "percent_covered": 0.0, "percent_covered_display": "0", "missing_lines": 10, "excluded_lines": 0}, "missing_lines": [392, 393, 394, 396, 398, 400, 401, 402, 403, 405], "excluded_lines": []}, "": {"executed_lines": [1, 3, 4, 5, 6, 7, 8, 12, 13, 16, 75, 101, 270, 347], "summary": {"covered_lines": 13, "num_statements": 13, "percent_covered": 100.0, "percent_covered_display": "100", "missing_lines": 0, "excluded_lines": 0}, "missing_lines": [], "excluded_lines": []}}, "classes": {"": {"executed_lines": [1, 3, 4, 5, 6, 7, 8, 12, 13, 16, 75, 101, 270, 347], "summary": {"covered_lines": 13, "num_statements": 179, "percent_covered": 7.262569832402234, "percent_covered_display": "7", "missing_lines": 166, "excluded_lines": 0}, "missing_lines": [28, 31, 32, 33, 34, 37, 40, 41, 43, 49, 50, 52, 55, 56, 57, 60, 62, 64, 66, 72, 87, 88, 90, 93, 94, 95, 96, 98, 138, 139, 140, 142, 143, 145, 148, 149, 150, 151, 152, 153, 156, 158, 160, 161, 162, 164, 166, 168, 169, 170, 171, 173, 176, 179, 182, 185, 186, 190, 191, 192, 194, 195, 196, 197, 199, 200, 202, 203, 205, 207, 209, 210, 211, 212, 215, 216, 219, 220, 222, 223, 224, 226, 232, 233, 235, 237, 238, 241, 242, 244, 245, 251, 252, 254, 256, 258, 260, 261, 263, 306, 307, 308, 310, 311, 313, 316, 317, 318, 319, 320, 321, 323, 326, 329, 330, 331, 332, 333, 334, 335, 337, 338, 340, 381, 382, 383, 385, 388, 390, 392, 393, 394, 396, 398, 400, 401, 402, 403, 405, 408, 411, 412, 415, 416, 418, 419, 420, 421, 424, 427, 428, 429, 430, 432, 439, 440, 441, 443, 450, 451, 453, 455, 457, 458, 461, 463], "excluded_lines": []}}}, "src/tools/note_management.py": {"executed_lines": [1, 3, 4, 5, 6, 7, 8, 11, 61, 128, 218], "summary": {"covered_lines": 10, "num_statements": 67, "percent_covered": 14.925373134328359, "percent_covered_display": "15", "missing_lines": 57, "excluded_lines": 0}, "missing_lines": [38, 39, 40, 43, 45, 46, 48, 49, 51, 52, 54, 96, 97, 98, 101, 102, 103, 106, 108, 109, 111, 114, 115, 116, 119, 121, 168, 169, 170, 173, 175, 176, 178, 181, 183, 184, 186, 187, 194, 197, 199, 200, 202, 204, 207, 209, 237, 238, 239, 242, 244, 245, 247, 248, 250, 251, 253], "excluded_lines": [], "functions": {"read_note": {"executed_lines": [], "summary": {"covered_lines": 0, "num_statements": 11, "percent_covered": 0.0, "percent_covered_display": "0", "missing_lines": 11, "excluded_lines": 0}, "missing_lines": [38, 39, 40, 43, 45, 46, 48, 49, 51, 52, 54], "excluded_lines": []}, "create_note": {"executed_lines": [], "summary": {"covered_lines": 0, "num_statements": 15, "percent_covered": 0.0, "percent_covered_display": "0", "missing_lines": 15, "excluded_lines": 0}, "missing_lines": [96, 97, 98, 101, 102, 103, 106, 108, 109, 111, 114, 115, 116, 119, 121], "excluded_lines": []}, "update_note": {"executed_lines": [], "summary": {"covered_lines": 0, "num_statements": 20, "percent_covered": 0.0, "percent_covered_display": "0", "missing_lines": 20, "excluded_lines": 0}, "missing_lines": [168, 169, 170, 173, 175, 176, 178, 181, 183, 184, 186, 187, 194, 197, 199, 200, 202, 204, 207, 209], "excluded_lines": []}, "delete_note": {"executed_lines": [], "summary": {"covered_lines": 0, "num_statements": 11, "percent_covered": 0.0, "percent_covered_display": "0", "missing_lines": 11, "excluded_lines": 0}, "missing_lines": [237, 238, 239, 242, 244, 245, 247, 248, 250, 251, 253], "excluded_lines": []}, "": {"executed_lines": [1, 3, 4, 5, 6, 7, 8, 11, 61, 128, 218], "summary": {"covered_lines": 10, "num_statements": 10, "percent_covered": 100.0, "percent_covered_display": "100", "missing_lines": 0, "excluded_lines": 0}, "missing_lines": [], "excluded_lines": []}}, "classes": {"": {"executed_lines": [1, 3, 4, 5, 6, 7, 8, 11, 61, 128, 218], "summary": {"covered_lines": 10, "num_statements": 67, "percent_covered": 14.925373134328359, "percent_covered_display": "15", "missing_lines": 57, "excluded_lines": 0}, "missing_lines": [38, 39, 40, 43, 45, 46, 48, 49, 51, 52, 54, 96, 97, 98, 101, 102, 103, 106, 108, 109, 111, 114, 115, 116, 119, 121, 168, 169, 170, 173, 175, 176, 178, 181, 183, 184, 186, 187, 194, 197, 199, 200, 202, 204, 207, 209, 237, 238, 239, 242, 244, 245, 247, 248, 250, 251, 253], "excluded_lines": []}}}, "src/tools/organization.py": {"executed_lines": [1, 3, 4, 5, 6, 7, 8, 9, 12, 93, 208, 327, 395, 478, 545, 620, 704], "summary": {"covered_lines": 16, "num_statements": 302, "percent_covered": 5.298013245033113, "percent_covered_display": "5", "missing_lines": 286, "excluded_lines": 0}, "missing_lines": [43, 44, 45, 46, 49, 50, 52, 53, 55, 56, 58, 61, 62, 63, 66, 67, 68, 71, 74, 75, 80, 83, 85, 123, 124, 125, 126, 127, 128, 131, 133, 134, 136, 139, 140, 141, 144, 145, 146, 149, 150, 151, 152, 154, 155, 156, 158, 159, 160, 162, 164, 171, 172, 181, 182, 184, 185, 186, 192, 194, 195, 196, 197, 198, 204, 205, 241, 242, 243, 244, 245, 248, 249, 251, 252, 255, 256, 258, 259, 261, 264, 265, 267, 268, 270, 271, 272, 273, 276, 277, 279, 280, 283, 284, 285, 286, 288, 290, 291, 293, 295, 296, 298, 299, 300, 301, 302, 303, 306, 309, 311, 320, 321, 322, 324, 355, 356, 357, 359, 362, 363, 364, 367, 369, 370, 372, 373, 375, 376, 379, 380, 383, 386, 388, 427, 428, 429, 431, 434, 435, 436, 439, 441, 442, 444, 445, 447, 448, 451, 454, 456, 457, 460, 461, 464, 465, 468, 470, 505, 506, 507, 509, 512, 513, 514, 517, 519, 520, 522, 523, 525, 526, 529, 530, 533, 536, 538, 581, 582, 583, 585, 587, 588, 590, 591, 593, 594, 600, 601, 604, 605, 606, 608, 633, 635, 636, 637, 640, 643, 644, 645, 646, 647, 649, 652, 653, 654, 656, 657, 658, 660, 661, 663, 664, 665, 666, 668, 671, 673, 674, 675, 676, 678, 680, 683, 684, 687, 689, 691, 692, 693, 696, 697, 700, 701, 736, 737, 739, 740, 742, 745, 747, 751, 756, 757, 758, 759, 760, 762, 767, 769, 771, 772, 776, 779, 780, 781, 782, 783, 784, 787, 788, 789, 792, 795, 796, 799, 800, 802, 805, 806, 808, 809, 811, 813, 816, 817, 820, 821, 823, 826, 828, 833, 834, 835, 836], "excluded_lines": [], "functions": {"move_note": {"executed_lines": [], "summary": {"covered_lines": 0, "num_statements": 23, "percent_covered": 0.0, "percent_covered_display": "0", "missing_lines": 23, "excluded_lines": 0}, "missing_lines": [43, 44, 45, 46, 49, 50, 52, 53, 55, 56, 58, 61, 62, 63, 66, 67, 68, 71, 74, 75, 80, 83, 85], "excluded_lines": []}, "create_folder": {"executed_lines": [], "summary": {"covered_lines": 0, "num_statements": 43, "percent_covered": 0.0, "percent_covered_display": "0", "missing_lines": 43, "excluded_lines": 0}, "missing_lines": [123, 124, 125, 126, 127, 128, 131, 133, 134, 136, 139, 140, 141, 144, 145, 146, 149, 150, 151, 152, 154, 155, 156, 158, 159, 160, 162, 164, 171, 172, 181, 182, 184, 185, 186, 192, 194, 195, 196, 197, 198, 204, 205], "excluded_lines": []}, "move_folder": {"executed_lines": [], "summary": {"covered_lines": 0, "num_statements": 49, "percent_covered": 0.0, "percent_covered_display": "0", "missing_lines": 49, "excluded_lines": 0}, "missing_lines": [241, 242, 243, 244, 245, 248, 249, 251, 252, 255, 256, 258, 259, 261, 264, 265, 267, 268, 270, 271, 272, 273, 276, 277, 279, 280, 283, 284, 285, 286, 288, 290, 291, 293, 295, 296, 298, 299, 300, 301, 302, 303, 306, 309, 311, 320, 321, 322, 324], "excluded_lines": []}, "add_tags": {"executed_lines": [], "summary": {"covered_lines": 0, "num_statements": 19, "percent_covered": 0.0, "percent_covered_display": "0", "missing_lines": 19, "excluded_lines": 0}, "missing_lines": [355, 356, 357, 359, 362, 363, 364, 367, 369, 370, 372, 373, 375, 376, 379, 380, 383, 386, 388], "excluded_lines": []}, "update_tags": {"executed_lines": [], "summary": {"covered_lines": 0, "num_statements": 24, "percent_covered": 0.0, "percent_covered_display": "0", "missing_lines": 24, "excluded_lines": 0}, "missing_lines": [427, 428, 429, 431, 434, 435, 436, 439, 441, 442, 444, 445, 447, 448, 451, 454, 456, 457, 460, 461, 464, 465, 468, 470], "excluded_lines": []}, "remove_tags": {"executed_lines": [], "summary": {"covered_lines": 0, "num_statements": 19, "percent_covered": 0.0, "percent_covered_display": "0", "missing_lines": 19, "excluded_lines": 0}, "missing_lines": [505, 506, 507, 509, 512, 513, 514, 517, 519, 520, 522, 523, 525, 526, 529, 530, 533, 536, 538], "excluded_lines": []}, "get_note_info": {"executed_lines": [], "summary": {"covered_lines": 0, "num_statements": 16, "percent_covered": 0.0, "percent_covered_display": "0", "missing_lines": 16, "excluded_lines": 0}, "missing_lines": [581, 582, 583, 585, 587, 588, 590, 591, 593, 594, 600, 601, 604, 605, 606, 608], "excluded_lines": []}, "_update_frontmatter_tags": {"executed_lines": [], "summary": {"covered_lines": 0, "num_statements": 42, "percent_covered": 0.0, "percent_covered_display": "0", "missing_lines": 42, "excluded_lines": 0}, "missing_lines": [633, 635, 636, 637, 640, 643, 644, 645, 646, 647, 649, 652, 653, 654, 656, 657, 658, 660, 661, 663, 664, 665, 666, 668, 671, 673, 674, 675, 676, 678, 680, 683, 684, 687, 689, 691, 692, 693, 696, 697, 700, 701], "excluded_lines": []}, "list_tags": {"executed_lines": [], "summary": {"covered_lines": 0, "num_statements": 51, "percent_covered": 0.0, "percent_covered_display": "0", "missing_lines": 51, "excluded_lines": 0}, "missing_lines": [736, 737, 739, 740, 742, 745, 747, 751, 756, 757, 758, 759, 760, 762, 767, 769, 771, 772, 776, 779, 780, 781, 782, 783, 784, 787, 788, 789, 792, 795, 796, 799, 800, 802, 805, 806, 808, 809, 811, 813, 816, 817, 820, 821, 823, 826, 828, 833, 834, 835, 836], "excluded_lines": []}, "": {"executed_lines": [1, 3, 4, 5, 6, 7, 8, 9, 12, 93, 208, 327, 395, 478, 545, 620, 704], "summary": {"covered_lines": 16, "num_statements": 16, "percent_covered": 100.0, "percent_covered_display": "100", "missing_lines": 0, "excluded_lines": 0}, "missing_lines": [], "excluded_lines": []}}, "classes": {"": {"executed_lines": [1, 3, 4, 5, 6, 7, 8, 9, 12, 93, 208, 327, 395, 478, 545, 620, 704], "summary": {"covered_lines": 16, "num_statements": 302, "percent_covered": 5.298013245033113, "percent_covered_display": "5", "missing_lines": 286, "excluded_lines": 0}, "missing_lines": [43, 44, 45, 46, 49, 50, 52, 53, 55, 56, 58, 61, 62, 63, 66, 67, 68, 71, 74, 75, 80, 83, 85, 123, 124, 125, 126, 127, 128, 131, 133, 134, 136, 139, 140, 141, 144, 145, 146, 149, 150, 151, 152, 154, 155, 156, 158, 159, 160, 162, 164, 171, 172, 181, 182, 184, 185, 186, 192, 194, 195, 196, 197, 198, 204, 205, 241, 242, 243, 244, 245, 248, 249, 251, 252, 255, 256, 258, 259, 261, 264, 265, 267, 268, 270, 271, 272, 273, 276, 277, 279, 280, 283, 284, 285, 286, 288, 290, 291, 293, 295, 296, 298, 299, 300, 301, 302, 303, 306, 309, 311, 320, 321, 322, 324, 355, 356, 357, 359, 362, 363, 364, 367, 369, 370, 372, 373, 375, 376, 379, 380, 383, 386, 388, 427, 428, 429, 431, 434, 435, 436, 439, 441, 442, 444, 445, 447, 448, 451, 454, 456, 457, 460, 461, 464, 465, 468, 470, 505, 506, 507, 509, 512, 513, 514, 517, 519, 520, 522, 523, 525, 526, 529, 530, 533, 536, 538, 581, 582, 583, 585, 587, 588, 590, 591, 593, 594, 600, 601, 604, 605, 606, 608, 633, 635, 636, 637, 640, 643, 644, 645, 646, 647, 649, 652, 653, 654, 656, 657, 658, 660, 661, 663, 664, 665, 666, 668, 671, 673, 674, 675, 676, 678, 680, 683, 684, 687, 689, 691, 692, 693, 696, 697, 700, 701, 736, 737, 739, 740, 742, 745, 747, 751, 756, 757, 758, 759, 760, 762, 767, 769, 771, 772, 776, 779, 780, 781, 782, 783, 784, 787, 788, 789, 792, 795, 796, 799, 800, 802, 805, 806, 808, 809, 811, 813, 816, 817, 820, 821, 823, 826, 828, 833, 834, 835, 836], "excluded_lines": []}}}, "src/tools/search_discovery.py": {"executed_lines": [1, 3, 4, 5, 6, 12, 13, 16, 110, 242, 344], "summary": {"covered_lines": 10, "num_statements": 143, "percent_covered": 6.993006993006993, "percent_covered_display": "7", "missing_lines": 133, "excluded_lines": 0}, "missing_lines": [51, 52, 53, 55, 56, 57, 59, 60, 62, 64, 65, 66, 68, 69, 70, 78, 79, 81, 82, 85, 86, 87, 88, 89, 90, 91, 93, 101, 103, 146, 147, 148, 151, 153, 156, 157, 158, 161, 162, 163, 164, 166, 167, 169, 173, 176, 178, 180, 188, 189, 196, 197, 200, 201, 203, 206, 207, 208, 211, 214, 216, 223, 225, 231, 232, 233, 234, 275, 276, 277, 279, 280, 281, 283, 285, 288, 289, 290, 291, 292, 294, 296, 299, 300, 302, 304, 306, 308, 310, 311, 313, 315, 316, 318, 319, 320, 321, 325, 327, 330, 333, 334, 336, 378, 379, 380, 382, 383, 384, 386, 388, 391, 393, 395, 397, 399, 400, 402, 403, 405, 408, 415, 416, 417, 419, 422, 423, 425, 427, 430, 433, 434, 436], "excluded_lines": [], "functions": {"search_notes": {"executed_lines": [], "summary": {"covered_lines": 0, "num_statements": 29, "percent_covered": 0.0, "percent_covered_display": "0", "missing_lines": 29, "excluded_lines": 0}, "missing_lines": [51, 52, 53, 55, 56, 57, 59, 60, 62, 64, 65, 66, 68, 69, 70, 78, 79, 81, 82, 85, 86, 87, 88, 89, 90, 91, 93, 101, 103], "excluded_lines": []}, "search_by_date": {"executed_lines": [], "summary": {"covered_lines": 0, "num_statements": 38, "percent_covered": 0.0, "percent_covered_display": "0", "missing_lines": 38, "excluded_lines": 0}, "missing_lines": [146, 147, 148, 151, 153, 156, 157, 158, 161, 162, 163, 164, 166, 167, 169, 173, 176, 178, 180, 188, 189, 196, 197, 200, 201, 203, 206, 207, 208, 211, 214, 216, 223, 225, 231, 232, 233, 234], "excluded_lines": []}, "list_notes": {"executed_lines": [], "summary": {"covered_lines": 0, "num_statements": 22, "percent_covered": 0.0, "percent_covered_display": "0", "missing_lines": 22, "excluded_lines": 0}, "missing_lines": [275, 276, 277, 279, 280, 281, 283, 285, 288, 289, 290, 291, 292, 294, 296, 299, 300, 302, 330, 333, 334, 336], "excluded_lines": []}, "list_notes.process_directory": {"executed_lines": [], "summary": {"covered_lines": 0, "num_statements": 14, "percent_covered": 0.0, "percent_covered_display": "0", "missing_lines": 14, "excluded_lines": 0}, "missing_lines": [304, 306, 308, 310, 311, 313, 315, 316, 318, 319, 320, 321, 325, 327], "excluded_lines": []}, "list_folders": {"executed_lines": [], "summary": {"covered_lines": 0, "num_statements": 18, "percent_covered": 0.0, "percent_covered_display": "0", "missing_lines": 18, "excluded_lines": 0}, "missing_lines": [378, 379, 380, 382, 383, 384, 386, 388, 391, 393, 422, 423, 425, 427, 430, 433, 434, 436], "excluded_lines": []}, "list_folders.process_directory": {"executed_lines": [], "summary": {"covered_lines": 0, "num_statements": 12, "percent_covered": 0.0, "percent_covered_display": "0", "missing_lines": 12, "excluded_lines": 0}, "missing_lines": [395, 397, 399, 400, 402, 403, 405, 408, 415, 416, 417, 419], "excluded_lines": []}, "": {"executed_lines": [1, 3, 4, 5, 6, 12, 13, 16, 110, 242, 344], "summary": {"covered_lines": 10, "num_statements": 10, "percent_covered": 100.0, "percent_covered_display": "100", "missing_lines": 0, "excluded_lines": 0}, "missing_lines": [], "excluded_lines": []}}, "classes": {"": {"executed_lines": [1, 3, 4, 5, 6, 12, 13, 16, 110, 242, 344], "summary": {"covered_lines": 10, "num_statements": 143, "percent_covered": 6.993006993006993, "percent_covered_display": "7", "missing_lines": 133, "excluded_lines": 0}, "missing_lines": [51, 52, 53, 55, 56, 57, 59, 60, 62, 64, 65, 66, 68, 69, 70, 78, 79, 81, 82, 85, 86, 87, 88, 89, 90, 91, 93, 101, 103, 146, 147, 148, 151, 153, 156, 157, 158, 161, 162, 163, 164, 166, 167, 169, 173, 176, 178, 180, 188, 189, 196, 197, 200, 201, 203, 206, 207, 208, 211, 214, 216, 223, 225, 231, 232, 233, 234, 275, 276, 277, 279, 280, 281, 283, 285, 288, 289, 290, 291, 292, 294, 296, 299, 300, 302, 304, 306, 308, 310, 311, 313, 315, 316, 318, 319, 320, 321, 325, 327, 330, 333, 334, 336, 378, 379, 380, 382, 383, 384, 386, 388, 391, 393, 395, 397, 399, 400, 402, 403, 405, 408, 415, 416, 417, 419, 422, 423, 425, 427, 430, 433, 434, 436], "excluded_lines": []}}}, "src/tools/smart_insert.py": {"executed_lines": [1, 8, 9, 10, 11, 14, 43, 44, 47, 48, 51, 53, 54, 55, 56, 57, 59, 60, 66, 69, 70, 72, 78, 107, 108, 111, 112, 115, 116, 120, 122, 123, 124, 125, 126, 128, 129, 135, 138, 139, 141, 147, 174, 175, 178, 179, 182, 185, 188, 189, 191, 197, 221, 222, 225, 226, 228], "summary": {"covered_lines": 56, "num_statements": 56, "percent_covered": 100.0, "percent_covered_display": "100", "missing_lines": 0, "excluded_lines": 0}, "missing_lines": [], "excluded_lines": [], "functions": {"insert_after_heading": {"executed_lines": [43, 44, 47, 48, 51, 53, 54, 55, 56, 57, 59, 60, 66, 69, 70, 72], "summary": {"covered_lines": 16, "num_statements": 16, "percent_covered": 100.0, "percent_covered_display": "100", "missing_lines": 0, "excluded_lines": 0}, "missing_lines": [], "excluded_lines": []}, "insert_after_block": {"executed_lines": [107, 108, 111, 112, 115, 116, 120, 122, 123, 124, 125, 126, 128, 129, 135, 138, 139, 141], "summary": {"covered_lines": 18, "num_statements": 18, "percent_covered": 100.0, "percent_covered_display": "100", "missing_lines": 0, "excluded_lines": 0}, "missing_lines": [], "excluded_lines": []}, "update_frontmatter_field": {"executed_lines": [174, 175, 178, 179, 182, 185, 188, 189, 191], "summary": {"covered_lines": 9, "num_statements": 9, "percent_covered": 100.0, "percent_covered_display": "100", "missing_lines": 0, "excluded_lines": 0}, "missing_lines": [], "excluded_lines": []}, "append_to_note": {"executed_lines": [221, 222, 225, 226, 228], "summary": {"covered_lines": 5, "num_statements": 5, "percent_covered": 100.0, "percent_covered_display": "100", "missing_lines": 0, "excluded_lines": 0}, "missing_lines": [], "excluded_lines": []}, "": {"executed_lines": [1, 8, 9, 10, 11, 14, 78, 147, 197], "summary": {"covered_lines": 8, "num_statements": 8, "percent_covered": 100.0, "percent_covered_display": "100", "missing_lines": 0, "excluded_lines": 0}, "missing_lines": [], "excluded_lines": []}}, "classes": {"": {"executed_lines": [1, 8, 9, 10, 11, 14, 43, 44, 47, 48, 51, 53, 54, 55, 56, 57, 59, 60, 66, 69, 70, 72, 78, 107, 108, 111, 112, 115, 116, 120, 122, 123, 124, 125, 126, 128, 129, 135, 138, 139, 141, 147, 174, 175, 178, 179, 182, 185, 188, 189, 191, 197, 221, 222, 225, 226, 228], "summary": {"covered_lines": 56, "num_statements": 56, "percent_covered": 100.0, "percent_covered_display": "100", "missing_lines": 0, "excluded_lines": 0}, "missing_lines": [], "excluded_lines": []}}}, "src/tools/statistics.py": {"executed_lines": [1, 7, 8, 9, 10, 11, 12, 16, 17, 18, 19, 20, 21, 24, 53, 54, 57, 58, 61, 62, 65, 68, 69, 72, 75, 76, 79, 80, 81, 83, 84, 85, 86, 88, 89, 91, 94, 95, 97, 100, 101, 102, 103, 104, 107, 115, 116, 117, 118, 121, 122, 123, 124, 125, 126, 129, 130, 132, 133, 134, 137, 138, 139, 142, 144, 147, 150, 151, 154, 155, 157, 165, 194, 220, 221, 223, 224, 225, 226, 229, 231, 232, 235, 237, 238, 240, 242, 245, 246, 247, 250, 251, 258, 261, 263], "summary": {"covered_lines": 94, "num_statements": 103, "percent_covered": 91.2621359223301, "percent_covered_display": "91", "missing_lines": 9, "excluded_lines": 0}, "missing_lines": [105, 106, 108, 109, 110, 111, 112, 253, 255], "excluded_lines": [], "functions": {"get_note_stats": {"executed_lines": [53, 54, 57, 58, 61, 62, 65, 68, 69, 72, 75, 76, 79, 80, 81, 83, 84, 85, 86, 88, 89, 91, 94, 95, 97, 100, 101, 102, 103, 104, 107, 115, 116, 117, 118, 121, 122, 123, 124, 125, 126, 129, 130, 132, 133, 134, 137, 138, 139, 142, 144, 147, 150, 151, 154, 155, 157, 165], "summary": {"covered_lines": 58, "num_statements": 65, "percent_covered": 89.23076923076923, "percent_covered_display": "89", "missing_lines": 7, "excluded_lines": 0}, "missing_lines": [105, 106, 108, 109, 110, 111, 112], "excluded_lines": []}, "get_vault_stats": {"executed_lines": [220, 221, 223, 224, 225, 226, 229, 231, 232, 235, 237, 238, 240, 242, 245, 246, 247, 250, 251, 258, 261, 263], "summary": {"covered_lines": 22, "num_statements": 24, "percent_covered": 91.66666666666667, "percent_covered_display": "92", "missing_lines": 2, "excluded_lines": 0}, "missing_lines": [253, 255], "excluded_lines": []}, "": {"executed_lines": [1, 7, 8, 9, 10, 11, 12, 16, 17, 18, 19, 20, 21, 24, 194], "summary": {"covered_lines": 14, "num_statements": 14, "percent_covered": 100.0, "percent_covered_display": "100", "missing_lines": 0, "excluded_lines": 0}, "missing_lines": [], "excluded_lines": []}}, "classes": {"": {"executed_lines": [1, 7, 8, 9, 10, 11, 12, 16, 17, 18, 19, 20, 21, 24, 53, 54, 57, 58, 61, 62, 65, 68, 69, 72, 75, 76, 79, 80, 81, 83, 84, 85, 86, 88, 89, 91, 94, 95, 97, 100, 101, 102, 103, 104, 107, 115, 116, 117, 118, 121, 122, 123, 124, 125, 126, 129, 130, 132, 133, 134, 137, 138, 139, 142, 144, 147, 150, 151, 154, 155, 157, 165, 194, 220, 221, 223, 224, 225, 226, 229, 231, 232, 235, 237, 238, 240, 242, 245, 246, 247, 250, 251, 258, 261, 263], "summary": {"covered_lines": 94, "num_statements": 103, "percent_covered": 91.2621359223301, "percent_covered_display": "91", "missing_lines": 9, "excluded_lines": 0}, "missing_lines": [105, 106, 108, 109, 110, 111, 112, 253, 255], "excluded_lines": []}}}, "src/tools/tags.py": {"executed_lines": [1, 8, 9, 10, 11, 13, 14, 17, 40, 41, 44, 45, 46, 49, 50, 51, 52, 53, 54, 57, 58, 59, 61, 62, 69, 70, 71, 74, 75, 76, 77, 78, 79, 81, 88, 107, 108, 111, 112, 115, 118, 119, 120, 121, 125, 128, 129, 135, 136, 139, 140, 142, 148, 164, 168, 169, 172, 175, 176, 181, 182, 183, 188, 189, 195, 198, 199, 202, 205, 206, 208, 214, 239, 241, 244, 246, 248, 250, 253, 254, 257, 258, 259, 261, 264, 265, 267, 268, 281], "summary": {"covered_lines": 88, "num_statements": 97, "percent_covered": 90.72164948453609, "percent_covered_display": "91", "missing_lines": 9, "excluded_lines": 1}, "missing_lines": [60, 64, 66, 123, 165, 185, 251, 277, 279], "excluded_lines": [18], "functions": {"extract_all_tags": {"executed_lines": [40, 41, 44, 45, 46, 49, 50, 51, 52, 53, 54, 57, 58, 59, 61, 62, 69, 70, 71, 74, 75, 76, 77, 78, 79, 81], "summary": {"covered_lines": 26, "num_statements": 29, "percent_covered": 89.65517241379311, "percent_covered_display": "90", "missing_lines": 3, "excluded_lines": 1}, "missing_lines": [60, 64, 66], "excluded_lines": [18]}, "add_tag_to_frontmatter": {"executed_lines": [107, 108, 111, 112, 115, 118, 119, 120, 121, 125, 128, 129, 135, 136, 139, 140, 142], "summary": {"covered_lines": 17, "num_statements": 18, "percent_covered": 94.44444444444444, "percent_covered_display": "94", "missing_lines": 1, "excluded_lines": 0}, "missing_lines": [123], "excluded_lines": []}, "remove_tag_from_frontmatter": {"executed_lines": [164, 168, 169, 172, 175, 176, 181, 182, 183, 188, 189, 195, 198, 199, 202, 205, 206, 208], "summary": {"covered_lines": 18, "num_statements": 20, "percent_covered": 90.0, "percent_covered_display": "90", "missing_lines": 2, "excluded_lines": 0}, "missing_lines": [165, 185], "excluded_lines": []}, "find_notes_by_tag": {"executed_lines": [239, 241, 244, 246, 248, 250, 253, 254, 257, 258, 259, 261, 264, 265, 267, 268, 281], "summary": {"covered_lines": 17, "num_statements": 20, "percent_covered": 85.0, "percent_covered_display": "85", "missing_lines": 3, "excluded_lines": 0}, "missing_lines": [251, 277, 279], "excluded_lines": []}, "": {"executed_lines": [1, 8, 9, 10, 11, 13, 14, 17, 88, 148, 214], "summary": {"covered_lines": 10, "num_statements": 10, "percent_covered": 100.0, "percent_covered_display": "100", "missing_lines": 0, "excluded_lines": 0}, "missing_lines": [], "excluded_lines": []}}, "classes": {"": {"executed_lines": [1, 8, 9, 10, 11, 13, 14, 17, 40, 41, 44, 45, 46, 49, 50, 51, 52, 53, 54, 57, 58, 59, 61, 62, 69, 70, 71, 74, 75, 76, 77, 78, 79, 81, 88, 107, 108, 111, 112, 115, 118, 119, 120, 121, 125, 128, 129, 135, 136, 139, 140, 142, 148, 164, 168, 169, 172, 175, 176, 181, 182, 183, 188, 189, 195, 198, 199, 202, 205, 206, 208, 214, 239, 241, 244, 246, 248, 250, 253, 254, 257, 258, 259, 261, 264, 265, 267, 268, 281], "summary": {"covered_lines": 88, "num_statements": 97, "percent_covered": 90.72164948453609, "percent_covered_display": "91", "missing_lines": 9, "excluded_lines": 1}, "missing_lines": [60, 64, 66, 123, 165, 185, 251, 277, 279], "excluded_lines": [18]}}}}, "totals": {"covered_lines": 345, "num_statements": 1014, "percent_covered": 34.023668639053255, "percent_covered_display": "34", "missing_lines": 669, "excluded_lines": 1}}